[2025-01-04 06:21:51] [WARNING] Service cache has no setup function.
[2025-01-04 06:21:51] [INFO] All services and cogs loaded successfully.
[2025-01-04 06:21:53] [SUCCESS] Logged in as Eidos (ID: 1319007682476118059)
[2025-01-04 06:21:53] [INFO] Connected to 2 guilds.
[2025-01-04 06:21:54] [INFO] Synced 0 application commands.
[2025-01-04 06:33:27] [WARNING] Service cache has no setup function.
[2025-01-04 06:33:27] [INFO] All services and cogs loaded successfully.
[2025-01-04 06:35:31] [ERROR] Error setting up cache service: Redis.__init__() got an unexpected keyword argument 'url'
[2025-01-04 06:35:31] [ERROR] Failed to load service cache: Redis.__init__() got an unexpected keyword argument 'url'
[2025-01-04 06:35:31] [INFO] All services and cogs loaded successfully.
[2025-01-04 06:35:53] [ERROR] Error setting up cache service: 'Settings' object has no attribute 'REDIS_HOST'
[2025-01-04 06:35:53] [ERROR] Failed to load service cache: 'Settings' object has no attribute 'REDIS_HOST'
[2025-01-04 06:35:53] [INFO] All services and cogs loaded successfully.
[2025-01-04 06:36:14] [INFO] Redis cache service initialized successfully
[2025-01-04 06:36:14] [INFO] Loaded service: cache
[2025-01-04 06:36:14] [INFO] All services and cogs loaded successfully.
[2025-01-04 06:36:16] [SUCCESS] Logged in as Eidos (ID: 1319007682476118059)
[2025-01-04 06:36:16] [INFO] Connected to 2 guilds.
[2025-01-04 06:36:16] [INFO] Synced 0 application commands.
[2025-01-04 06:37:30] [INFO] Redis cache service initialized successfully
[2025-01-04 06:37:30] [INFO] Loaded service: cache
[2025-01-04 06:37:30] [INFO] All services and cogs loaded successfully.
[2025-01-04 06:38:28] [INFO] Redis cache service initialized successfully
[2025-01-04 06:38:28] [INFO] Loaded service: cache
[2025-01-04 06:38:28] [INFO] All services and cogs loaded successfully.
[2025-01-04 06:38:31] [SUCCESS] Logged in as Eidos (ID: 1319007682476118059)
[2025-01-04 06:38:31] [INFO] Connected to 2 guilds.
[2025-01-04 06:38:31] [INFO] Synced 0 application commands.
[2025-01-04 06:40:17] [INFO] Redis cache service initialized successfully
[2025-01-04 06:40:17] [INFO] Loaded service: cache
[2025-01-04 06:40:17] [INFO] All services and cogs loaded successfully.
[2025-01-04 06:40:19] [SUCCESS] Logged in as Eidos (ID: 1319007682476118059)
[2025-01-04 06:40:19] [INFO] Connected to 2 guilds.
[2025-01-04 06:40:20] [INFO] Synced 0 application commands.
[2025-01-04 06:40:27] [INFO] Redis cache service initialized successfully
[2025-01-04 06:40:27] [INFO] Loaded service: cache
[2025-01-04 06:40:27] [INFO] All services and cogs loaded successfully.
[2025-01-04 06:44:00] [INFO] Redis cache service initialized successfully
[2025-01-04 06:44:00] [INFO] Loaded service: cache
[2025-01-04 06:44:00] [INFO] All services and cogs loaded successfully.
[2025-01-04 06:44:00] [CRITICAL] Failed to load services or cogs: 'EidosBot' object has no attribute 'load_service'
[2025-01-04 06:46:02] [INFO] Redis cache service initialized successfully
[2025-01-04 06:46:02] [INFO] Loaded service: cache
[2025-01-04 06:46:02] [INFO] All services and cogs loaded successfully.
[2025-01-04 06:46:02] [ERROR] Service cache has no service_instance attribute.
[2025-01-04 06:50:37] [ERROR] Failed to load service cache: 'Settings' object has no attribute 'REDIS_HOST'
[2025-01-04 06:50:37] [INFO] All services and cogs loaded successfully.
[2025-01-04 06:50:39] [SUCCESS] Logged in as Eidos (ID: 1319007682476118059)
[2025-01-04 06:50:39] [INFO] Connected to 2 guilds.
[2025-01-04 06:50:39] [INFO] Synced 0 application commands.
[2025-01-04 06:52:50] [ERROR] Failed to load service cache: 'Settings' object has no attribute 'REDIS_HOST'
[2025-01-04 06:52:50] [INFO] All services and cogs loaded successfully.
[2025-01-04 09:56:16] [INFO] Redis cache service initialized successfully
[2025-01-04 09:56:16] [INFO] Cache service setup complete.
[2025-01-04 09:56:16] [INFO] Loaded service: cache
[2025-01-04 09:56:16] [INFO] All services and cogs loaded successfully.
[2025-01-04 09:56:18] [SUCCESS] Logged in as Eidos (ID: 1319007682476118059)
[2025-01-04 09:56:18] [INFO] Connected to 2 guilds.
[2025-01-04 09:56:18] [INFO] Synced 0 application commands.
[2025-01-04 10:13:48] [DEBUG] Attempting to load service: cache
[2025-01-04 10:13:48] [INFO] Redis cache service initialized successfully
[2025-01-04 10:13:48] [INFO] Cache service setup complete.
[2025-01-04 10:13:48] [INFO] Loaded service: cache
[2025-01-04 10:13:48] [INFO] All services and cogs loaded successfully.
[2025-01-04 10:13:50] [SUCCESS] Logged in as Eidos (ID: 1319007682476118059)
[2025-01-04 10:13:50] [INFO] Connected to 2 guilds.
[2025-01-04 10:13:50] [INFO] Synced 0 application commands.
[2025-01-04 10:14:35] [DEBUG] Attempting to load service: cache
[2025-01-04 10:14:35] [INFO] Redis cache service initialized successfully
[2025-01-04 10:14:35] [INFO] Cache service setup complete.
[2025-01-04 10:14:35] [INFO] Loaded service: cache
[2025-01-04 10:14:35] [DEBUG] Attempting to load service from directory: database
[2025-01-04 10:14:36] [ERROR] Failed to load service from directory database: cannot import name 'VECTOR' from 'sqlalchemy.dialects.postgresql' (/code/eidos2/.venv/lib/python3.10/site-packages/sqlalchemy/dialects/postgresql/__init__.py)
[2025-01-04 10:14:36] [CRITICAL] Failed to load services or cogs: cannot import name 'VECTOR' from 'sqlalchemy.dialects.postgresql' (/code/eidos2/.venv/lib/python3.10/site-packages/sqlalchemy/dialects/postgresql/__init__.py)
[2025-01-04 10:18:01] [DEBUG] Attempting to load service: cache
[2025-01-04 10:18:01] [INFO] Redis cache service initialized successfully
[2025-01-04 10:18:01] [INFO] Cache service setup complete.
[2025-01-04 10:18:01] [INFO] Loaded service: cache
[2025-01-04 10:18:01] [DEBUG] Attempting to load service from directory: database
[2025-01-04 10:18:02] [ERROR] Failed to load service from directory database: name 'Vector' is not defined
[2025-01-04 10:18:02] [CRITICAL] Failed to load services or cogs: name 'Vector' is not defined
[2025-01-04 10:19:23] [DEBUG] Attempting to load service: cache
[2025-01-04 10:19:23] [INFO] Redis cache service initialized successfully
[2025-01-04 10:19:23] [INFO] Cache service setup complete.
[2025-01-04 10:19:23] [INFO] Loaded service: cache
[2025-01-04 10:19:23] [DEBUG] Attempting to load service from directory: database
[2025-01-04 10:19:24] [INFO] ==========================================
[2025-01-04 10:19:24] [INFO] 🔄 Starting PostgreSQL Database Setup...
[2025-01-04 10:19:24] [INFO] ==========================================
[2025-01-04 10:19:24] [INFO] 🔌 Initializing PostgreSQL database connection...
[2025-01-04 10:19:24] [DEBUG] Database URL: postgresql://***:***@eidos:gPCZn3etyNEAn7Pgj5JEW4gz@34.59.232.41:5432/db
[2025-01-04 10:19:25] [INFO] ✅ Database engine created successfully
[2025-01-04 10:19:25] [INFO] 📦 Running database migrations...
[2025-01-04 10:19:25] [WARNING] Migrations directory not found. Skipping database migrations.
[2025-01-04 10:19:25] [INFO] ✅ Database migrations completed successfully
[2025-01-04 10:19:25] [INFO] ✅ Database connection test successful
[2025-01-04 10:19:25] [INFO] ==========================================
[2025-01-04 10:19:25] [INFO] ✨ PostgreSQL Database Setup Complete!
[2025-01-04 10:19:25] [INFO] ==========================================
[2025-01-04 10:19:25] [INFO] Loaded service: database
[2025-01-04 10:19:25] [INFO] All services and cogs loaded successfully.
[2025-01-04 10:19:28] [SUCCESS] Logged in as Eidos (ID: 1319007682476118059)
[2025-01-04 10:19:28] [INFO] Connected to 2 guilds.
[2025-01-04 10:19:28] [INFO] Synced 0 application commands.
[2025-01-04 10:21:47] [DEBUG] Attempting to load service: cache
[2025-01-04 10:21:47] [INFO] Redis cache service initialized successfully
[2025-01-04 10:21:47] [INFO] Cache service setup complete.
[2025-01-04 10:21:47] [INFO] Loaded service: cache
[2025-01-04 10:21:47] [DEBUG] Attempting to load service from directory: database
[2025-01-04 10:21:48] [INFO] ==========================================
[2025-01-04 10:21:48] [INFO] 🔄 Starting PostgreSQL Database Setup...
[2025-01-04 10:21:48] [INFO] ==========================================
[2025-01-04 10:21:48] [INFO] 🔌 Initializing PostgreSQL database connection...
[2025-01-04 10:21:48] [DEBUG] Database URL: postgresql://***:***@eidos:gPCZn3etyNEAn7Pgj5JEW4gz@34.59.232.41:5432/db
[2025-01-04 10:21:49] [INFO] ✅ Database engine created successfully
[2025-01-04 10:21:49] [INFO] 📦 Running database migrations...
[2025-01-04 10:21:51] [INFO] Database migrations ran successfully.
[2025-01-04 10:21:51] [INFO] ✅ Database migrations completed successfully
[2025-01-04 10:21:51] [INFO] ✅ Database connection test successful
[2025-01-04 10:21:51] [INFO] ==========================================
[2025-01-04 10:21:51] [INFO] ✨ PostgreSQL Database Setup Complete!
[2025-01-04 10:21:51] [INFO] ==========================================
[2025-01-04 10:21:51] [INFO] Loaded service: database
[2025-01-04 10:21:51] [INFO] All services and cogs loaded successfully.
[2025-01-04 10:21:53] [SUCCESS] Logged in as Eidos (ID: 1319007682476118059)
[2025-01-04 10:21:53] [INFO] Connected to 2 guilds.
[2025-01-04 10:21:54] [INFO] Synced 0 application commands.
[2025-01-04 10:23:00] [DEBUG] Attempting to load service: cache
[2025-01-04 10:23:00] [INFO] Redis cache service initialized successfully
[2025-01-04 10:23:00] [INFO] Cache service setup complete.
[2025-01-04 10:23:00] [INFO] Loaded service: cache
[2025-01-04 10:23:00] [DEBUG] Attempting to load service from directory: database
[2025-01-04 10:23:00] [INFO] ==========================================
[2025-01-04 10:23:00] [INFO] 🔄 Starting PostgreSQL Database Setup...
[2025-01-04 10:23:00] [INFO] ==========================================
[2025-01-04 10:23:03] [INFO] ✅ Database migrations completed successfully
[2025-01-04 10:23:03] [INFO] ==========================================
[2025-01-04 10:23:03] [INFO] ✨ PostgreSQL Database Setup Complete!
[2025-01-04 10:23:03] [INFO] ==========================================
[2025-01-04 10:23:03] [INFO] Loaded service: database
[2025-01-04 10:23:03] [INFO] All services and cogs loaded successfully.
[2025-01-04 10:23:05] [SUCCESS] Logged in as Eidos (ID: 1319007682476118059)
[2025-01-04 10:23:05] [INFO] Connected to 2 guilds.
[2025-01-04 10:23:06] [INFO] Synced 0 application commands.
[2025-01-04 10:23:53] [DEBUG] Attempting to load service: cache
[2025-01-04 10:23:53] [INFO] Redis cache service initialized successfully
[2025-01-04 10:23:53] [INFO] Cache service setup complete.
[2025-01-04 10:23:53] [INFO] Loaded service: cache
[2025-01-04 10:23:53] [DEBUG] Attempting to load service from directory: database
[2025-01-04 10:23:54] [INFO] 🔄 Starting PostgreSQL Database Setup...
[2025-01-04 10:23:56] [INFO] ✅ Database migrations completed successfully
[2025-01-04 10:23:57] [INFO] ✨ PostgreSQL Database Setup Complete!
[2025-01-04 10:23:57] [INFO] Loaded service: database
[2025-01-04 10:23:57] [INFO] All services and cogs loaded successfully.
[2025-01-04 10:23:59] [SUCCESS] Logged in as Eidos (ID: 1319007682476118059)
[2025-01-04 10:23:59] [INFO] Connected to 2 guilds.
[2025-01-04 10:23:59] [INFO] Synced 0 application commands.
[2025-01-04 10:41:35] [DEBUG] Attempting to load service: cache
[2025-01-04 10:41:35] [INFO] Redis cache service initialized successfully
[2025-01-04 10:41:35] [INFO] Cache service setup complete.
[2025-01-04 10:41:35] [INFO] Loaded service: cache
[2025-01-04 10:41:35] [DEBUG] Attempting to load service from directory: database
[2025-01-04 10:41:35] [INFO]  Starting PostgreSQL Database Setup...
[2025-01-04 10:41:38] [INFO]  Database migrations completed successfully
[2025-01-04 10:41:38] [INFO]  PostgreSQL Database Setup Complete!
[2025-01-04 10:41:38] [INFO] Loaded service: database
[2025-01-04 10:41:38] [INFO] All services and cogs loaded successfully.
[2025-01-04 10:41:41] [SUCCESS] Logged in as Eidos (ID: 1319007682476118059)
[2025-01-04 10:41:41] [INFO] Connected to 2 guilds.
[2025-01-04 10:41:41] [INFO] Synced 0 application commands.
[2025-01-04 10:45:11] [DEBUG] Attempting to load service: cache
[2025-01-04 10:45:11] [INFO] Redis cache service initialized successfully
[2025-01-04 10:45:11] [INFO] Cache service setup complete.
[2025-01-04 10:45:11] [INFO] Loaded service: cache
[2025-01-04 10:45:11] [DEBUG] Attempting to load service from directory: database
[2025-01-04 10:45:11] [INFO] Starting PostgreSQL Database Setup...
[2025-01-04 10:45:14] [INFO] Database migrations completed successfully
[2025-01-04 10:45:14] [INFO] PostgreSQL Database Setup Complete!
[2025-01-04 10:45:14] [INFO] Loaded service: database
[2025-01-04 10:45:14] [INFO] All services and cogs loaded successfully.
[2025-01-04 10:45:17] [SUCCESS] Logged in as Eidos (ID: 1319007682476118059)
[2025-01-04 10:45:17] [INFO] Connected to 2 guilds.
[2025-01-04 10:45:17] [INFO] Synced 0 application commands.
[2025-01-04 10:46:50] [DEBUG] Attempting to load services: cache, database
[2025-01-04 10:46:50] [INFO] Redis cache service initialized successfully
[2025-01-04 10:46:50] [INFO] Cache service setup complete.
[2025-01-04 10:46:50] [INFO] Starting PostgreSQL Database Setup...
[2025-01-04 10:46:53] [INFO] Database migrations completed successfully
[2025-01-04 10:46:53] [INFO] PostgreSQL Database Setup Complete!
[2025-01-04 10:46:53] [INFO] Loaded services: cache, database
[2025-01-04 10:46:53] [INFO] All services and cogs loaded successfully.
[2025-01-04 10:46:55] [SUCCESS] Logged in as Eidos (ID: 1319007682476118059)
[2025-01-04 10:46:55] [INFO] Connected to 2 guilds.
[2025-01-04 10:46:56] [INFO] Synced 0 application commands.
[2025-01-04 10:47:36] [DEBUG] Attempting to load services: cache, database
[2025-01-04 10:47:36] [INFO] Redis cache service initialized successfully
[2025-01-04 10:47:36] [INFO] Cache service setup complete.
[2025-01-04 10:47:37] [INFO] Starting PostgreSQL Database Setup...
[2025-01-04 10:47:40] [INFO] Database migrations completed successfully
[2025-01-04 10:47:40] [INFO] PostgreSQL Database Setup Complete!
[2025-01-04 10:47:40] [INFO] Loaded services: cache, database
[2025-01-04 10:47:40] [INFO] All services and cogs loaded successfully.
[2025-01-04 10:47:42] [SUCCESS] Logged in as Eidos (ID: 1319007682476118059)
[2025-01-04 10:47:42] [INFO] Connected to 2 guilds.
[2025-01-04 10:47:42] [INFO] Synced 0 application commands.
[2025-01-04 10:47:52] [INFO] Attempting to load services: cache, database
[2025-01-04 10:47:52] [INFO] Redis cache service initialized successfully
[2025-01-04 10:47:52] [INFO] Cache service setup complete.
[2025-01-04 10:47:53] [INFO] Starting PostgreSQL Database Setup...
[2025-01-04 10:47:55] [INFO] Database migrations completed successfully
[2025-01-04 10:47:56] [INFO] PostgreSQL Database Setup Complete!
[2025-01-04 10:47:56] [INFO] Loaded services: cache, database
[2025-01-04 10:47:56] [INFO] All services and cogs loaded successfully.
[2025-01-04 10:47:58] [SUCCESS] Logged in as Eidos (ID: 1319007682476118059)
[2025-01-04 10:47:58] [INFO] Connected to 2 guilds.
[2025-01-04 10:48:42] [INFO] Synced 0 application commands.
[2025-01-05 17:36:12] [INFO] Attempting to load services: cache, database, ai
[2025-01-05 17:36:12] [ERROR] Failed to connect to Redis: Error 111 connecting to localhost:6379. Connection refused.
[2025-01-05 17:36:12] [ERROR] Failed during setup of service cache: Error 111 connecting to localhost:6379. Connection refused.
[2025-01-05 17:36:12] [ERROR] Failed to load service cache: Error 111 connecting to localhost:6379. Connection refused.
[2025-01-05 17:36:12] [CRITICAL] Failed to load services or cogs: Error 111 connecting to localhost:6379. Connection refused.
[2025-01-05 17:37:24] [INFO] Attempting to load services: cache, database, ai
[2025-01-05 17:37:24] [ERROR] Failed during setup of service cache: int() argument must be a string, a bytes-like object or a real number, not 'NoneType'
[2025-01-05 17:37:24] [ERROR] Failed to load service cache: int() argument must be a string, a bytes-like object or a real number, not 'NoneType'
[2025-01-05 17:37:24] [CRITICAL] Failed to load services or cogs: int() argument must be a string, a bytes-like object or a real number, not 'NoneType'
[2025-01-05 17:38:11] [INFO] Attempting to load services: cache, database, ai
[2025-01-05 17:38:11] [ERROR] Failed during setup of service cache: int() argument must be a string, a bytes-like object or a real number, not 'NoneType'
[2025-01-05 17:38:11] [ERROR] Failed to load service cache: int() argument must be a string, a bytes-like object or a real number, not 'NoneType'
[2025-01-05 17:38:11] [CRITICAL] Failed to load services or cogs: int() argument must be a string, a bytes-like object or a real number, not 'NoneType'
[2025-01-05 17:40:44] [INFO] Attempting to load services: cache, database, ai
[2025-01-05 17:40:44] [ERROR] Failed during setup of service cache: int() argument must be a string, a bytes-like object or a real number, not 'NoneType'
[2025-01-05 17:40:44] [ERROR] Failed to load service cache: int() argument must be a string, a bytes-like object or a real number, not 'NoneType'
[2025-01-05 17:40:44] [CRITICAL] Failed to load services or cogs: int() argument must be a string, a bytes-like object or a real number, not 'NoneType'
[2025-01-05 17:42:28] [INFO] Attempting to load services: cache, database, ai
[2025-01-05 17:42:28] [ERROR] Failed during setup of service cache: int() argument must be a string, a bytes-like object or a real number, not 'NoneType'
[2025-01-05 17:42:28] [ERROR] Failed to load service cache: int() argument must be a string, a bytes-like object or a real number, not 'NoneType'
[2025-01-05 17:42:28] [CRITICAL] Failed to load services or cogs: int() argument must be a string, a bytes-like object or a real number, not 'NoneType'
[2025-01-05 17:42:50] [INFO] Attempting to load services: cache, database, ai
[2025-01-05 17:42:50] [ERROR] Failed during setup of service cache: int() argument must be a string, a bytes-like object or a real number, not 'NoneType'
[2025-01-05 17:42:50] [ERROR] Failed to load service cache: int() argument must be a string, a bytes-like object or a real number, not 'NoneType'
[2025-01-05 17:42:50] [CRITICAL] Failed to load services or cogs: int() argument must be a string, a bytes-like object or a real number, not 'NoneType'
[2025-01-05 17:43:16] [INFO] Attempting to load services: cache, database, ai
[2025-01-05 17:43:16] [ERROR] Failed to connect to Redis: Error -2 connecting to valkey.nous.lol:443. Name or service not known.
[2025-01-05 17:43:16] [ERROR] Failed during setup of service cache: Error -2 connecting to valkey.nous.lol:443. Name or service not known.
[2025-01-05 17:43:16] [ERROR] Failed to load service cache: Error -2 connecting to valkey.nous.lol:443. Name or service not known.
[2025-01-05 17:43:16] [CRITICAL] Failed to load services or cogs: Error -2 connecting to valkey.nous.lol:443. Name or service not known.
[2025-01-05 17:43:41] [INFO] Attempting to load services: cache, database, ai
[2025-01-05 17:43:41] [ERROR] Failed to connect to Redis: Error 111 connecting to 65.109.141.131:443. Connection refused.
[2025-01-05 17:43:41] [ERROR] Failed during setup of service cache: Error 111 connecting to 65.109.141.131:443. Connection refused.
[2025-01-05 17:43:41] [ERROR] Failed to load service cache: Error 111 connecting to 65.109.141.131:443. Connection refused.
[2025-01-05 17:43:41] [CRITICAL] Failed to load services or cogs: Error 111 connecting to 65.109.141.131:443. Connection refused.
[2025-01-05 17:44:48] [INFO] Attempting to load services: cache, database, ai
[2025-01-05 17:44:48] [ERROR] Failed to connect to Redis: Error 111 connecting to 65.109.141.131:443. Connection refused.
[2025-01-05 17:44:48] [ERROR] Failed during setup of service cache: Error 111 connecting to 65.109.141.131:443. Connection refused.
[2025-01-05 17:44:48] [ERROR] Failed to load service cache: Error 111 connecting to 65.109.141.131:443. Connection refused.
[2025-01-05 17:44:48] [CRITICAL] Failed to load services or cogs: Error 111 connecting to 65.109.141.131:443. Connection refused.
[2025-01-05 17:45:00] [INFO] Attempting to load services: cache, database, ai
[2025-01-05 17:45:01] [ERROR] Failed to connect to Redis: Error -2 connecting to valkey.nous.lol:443. Name or service not known.
[2025-01-05 17:45:01] [ERROR] Failed during setup of service cache: Error -2 connecting to valkey.nous.lol:443. Name or service not known.
[2025-01-05 17:45:01] [ERROR] Failed to load service cache: Error -2 connecting to valkey.nous.lol:443. Name or service not known.
[2025-01-05 17:45:01] [CRITICAL] Failed to load services or cogs: Error -2 connecting to valkey.nous.lol:443. Name or service not known.
[2025-01-05 20:41:45] [INFO] Attempting to load services: cache, database, ai
[2025-01-05 20:41:45] [ERROR] Failed during setup of service cache: 'Settings' object has no attribute 'REDIS_HOST'
[2025-01-05 20:41:45] [ERROR] Failed to load service cache: 'Settings' object has no attribute 'REDIS_HOST'
[2025-01-05 20:41:45] [CRITICAL] Failed to load services or cogs: 'Settings' object has no attribute 'REDIS_HOST'
[2025-01-05 20:45:00] [INFO] Attempting to load services: cache, database, ai
[2025-01-05 20:45:00] [ERROR] Failed during setup of service cache: AbstractConnection.__init__() got an unexpected keyword argument 'ssl_cert_reqs'
[2025-01-05 20:45:00] [ERROR] Failed to load service cache: AbstractConnection.__init__() got an unexpected keyword argument 'ssl_cert_reqs'
[2025-01-05 20:45:00] [CRITICAL] Failed to load services or cogs: AbstractConnection.__init__() got an unexpected keyword argument 'ssl_cert_reqs'
[2025-01-05 20:47:15] [INFO] Attempting to load services: cache, database, ai
[2025-01-05 20:47:15] [ERROR] Failed during setup of service cache: AbstractConnection.__init__() got an unexpected keyword argument 'ssl'
[2025-01-05 20:47:15] [ERROR] Failed to load service cache: AbstractConnection.__init__() got an unexpected keyword argument 'ssl'
[2025-01-05 20:47:15] [CRITICAL] Failed to load services or cogs: AbstractConnection.__init__() got an unexpected keyword argument 'ssl'
[2025-01-05 20:55:45] [INFO] Attempting to load services: cache, database, ai
[2025-01-05 20:55:45] [ERROR] Failed during setup of service cache: Protocol Error: b'HTTP/1.1 400 Bad Request'
[2025-01-05 20:55:45] [ERROR] Failed to load service cache: Protocol Error: b'HTTP/1.1 400 Bad Request'
[2025-01-05 20:55:45] [CRITICAL] Failed to load services or cogs: Protocol Error: b'HTTP/1.1 400 Bad Request'
[2025-01-05 20:56:13] [INFO] Attempting to load services: cache, database, ai
[2025-01-05 20:56:13] [ERROR] Failed during setup of service cache: Protocol Error: b'HTTP/1.1 400 Bad Request'
[2025-01-05 20:56:13] [ERROR] Failed to load service cache: Protocol Error: b'HTTP/1.1 400 Bad Request'
[2025-01-05 20:56:13] [CRITICAL] Failed to load services or cogs: Protocol Error: b'HTTP/1.1 400 Bad Request'
[2025-01-05 20:56:23] [INFO] Attempting to load services: cache, database, ai
[2025-01-05 20:56:23] [ERROR] Failed during setup of service cache: Protocol Error: b'HTTP/1.1 400 Bad Request'
[2025-01-05 20:56:23] [ERROR] Failed to load service cache: Protocol Error: b'HTTP/1.1 400 Bad Request'
[2025-01-05 20:56:23] [CRITICAL] Failed to load services or cogs: Protocol Error: b'HTTP/1.1 400 Bad Request'
[2025-01-05 20:58:17] [INFO] Attempting to load services: cache, database, ai
[2025-01-05 20:58:17] [ERROR] Failed during setup of service cache: Protocol Error: b'HTTP/1.1 400 Bad Request'
[2025-01-05 20:58:17] [ERROR] Failed to load service cache: Protocol Error: b'HTTP/1.1 400 Bad Request'
[2025-01-05 20:58:17] [CRITICAL] Failed to load services or cogs: Protocol Error: b'HTTP/1.1 400 Bad Request'
[2025-01-05 20:59:32] [INFO] Attempting to load services: cache, database, ai
[2025-01-05 20:59:32] [ERROR] Failed during setup of service cache: Protocol Error: b'HTTP/1.1 400 Bad Request'
[2025-01-05 20:59:32] [ERROR] Failed to load service cache: Protocol Error: b'HTTP/1.1 400 Bad Request'
[2025-01-05 20:59:32] [CRITICAL] Failed to load services or cogs: Protocol Error: b'HTTP/1.1 400 Bad Request'
[2025-01-05 21:02:49] [INFO] Attempting to load services: cache, database, ai
[2025-01-05 21:02:49] [ERROR] Failed during setup of service cache: Protocol Error: b'HTTP/1.1 400 Bad Request'
[2025-01-05 21:02:49] [ERROR] Failed to load service cache: Protocol Error: b'HTTP/1.1 400 Bad Request'
[2025-01-05 21:02:49] [CRITICAL] Failed to load services or cogs: Protocol Error: b'HTTP/1.1 400 Bad Request'
[2025-01-05 21:05:08] [INFO] Attempting to load services: cache, database, ai
[2025-01-05 21:05:08] [ERROR] Failed during setup of service cache: AbstractConnection.__init__() got an unexpected keyword argument 'ssl'
[2025-01-05 21:05:08] [ERROR] Failed to load service cache: AbstractConnection.__init__() got an unexpected keyword argument 'ssl'
[2025-01-05 21:05:08] [CRITICAL] Failed to load services or cogs: AbstractConnection.__init__() got an unexpected keyword argument 'ssl'
[2025-01-05 21:05:53] [INFO] Attempting to load services: cache, database, ai
[2025-01-05 21:05:53] [ERROR] Failed during setup of service cache: Protocol Error: b'HTTP/1.1 400 Bad Request'
[2025-01-05 21:05:53] [ERROR] Failed to load service cache: Protocol Error: b'HTTP/1.1 400 Bad Request'
[2025-01-05 21:05:53] [CRITICAL] Failed to load services or cogs: Protocol Error: b'HTTP/1.1 400 Bad Request'
[2025-01-05 21:06:29] [INFO] Attempting to load services: cache, database, ai
[2025-01-05 21:06:29] [ERROR] Failed during setup of service cache: Protocol Error: b'HTTP/1.1 400 Bad Request'
[2025-01-05 21:06:29] [ERROR] Failed to load service cache: Protocol Error: b'HTTP/1.1 400 Bad Request'
[2025-01-05 21:06:29] [CRITICAL] Failed to load services or cogs: Protocol Error: b'HTTP/1.1 400 Bad Request'
[2025-01-05 21:08:04] [INFO] Attempting to load services: cache, database, ai
[2025-01-05 21:08:04] [ERROR] Failed during setup of service cache: Protocol Error: b'HTTP/1.1 400 Bad Request'
[2025-01-05 21:08:04] [ERROR] Failed to load service cache: Protocol Error: b'HTTP/1.1 400 Bad Request'
[2025-01-05 21:08:04] [CRITICAL] Failed to load services or cogs: Protocol Error: b'HTTP/1.1 400 Bad Request'
[2025-01-05 21:08:13] [INFO] Attempting to load services: cache, database, ai
[2025-01-05 21:08:13] [ERROR] Failed during setup of service cache: Protocol Error: b'HTTP/1.1 400 Bad Request'
[2025-01-05 21:08:13] [ERROR] Failed to load service cache: Protocol Error: b'HTTP/1.1 400 Bad Request'
[2025-01-05 21:08:13] [CRITICAL] Failed to load services or cogs: Protocol Error: b'HTTP/1.1 400 Bad Request'
[2025-01-05 21:15:20] [INFO] Attempting to load services: cache, database, ai
[2025-01-05 21:15:20] [ERROR] Failed during setup of service cache: Protocol Error: b'HTTP/1.1 400 Bad Request'
[2025-01-05 21:15:20] [ERROR] Failed to load service cache: Protocol Error: b'HTTP/1.1 400 Bad Request'
[2025-01-05 21:15:20] [CRITICAL] Failed to load services or cogs: Protocol Error: b'HTTP/1.1 400 Bad Request'
[2025-01-05 21:31:52] [INFO] Attempting to load services: cache, database, ai
[2025-01-05 21:31:52] [ERROR] Failed to connect to Valkey: Error -2 connecting to valkey.nous.lol:443. Name or service not known.
[2025-01-05 21:31:52] [ERROR] Failed during setup of service cache: Error -2 connecting to valkey.nous.lol:443. Name or service not known.
[2025-01-05 21:31:52] [ERROR] Failed to load service cache: Error -2 connecting to valkey.nous.lol:443. Name or service not known.
[2025-01-05 21:31:52] [CRITICAL] Failed to load services or cogs: Error -2 connecting to valkey.nous.lol:443. Name or service not known.
[2025-01-05 21:32:27] [INFO] Attempting to load services: cache, database, ai
[2025-01-05 21:32:28] [ERROR] Failed during setup of service cache: Protocol Error: b'HTTP/1.1 400 Bad Request'
[2025-01-05 21:32:28] [ERROR] Failed to load service cache: Protocol Error: b'HTTP/1.1 400 Bad Request'
[2025-01-05 21:32:28] [CRITICAL] Failed to load services or cogs: Protocol Error: b'HTTP/1.1 400 Bad Request'
[2025-01-05 21:34:47] [INFO] Attempting to load services: cache, database, ai
[2025-01-05 21:34:47] [ERROR] Failed during setup of service cache: AbstractConnection.__init__() got an unexpected keyword argument 'ssl'
[2025-01-05 21:34:47] [ERROR] Failed to load service cache: AbstractConnection.__init__() got an unexpected keyword argument 'ssl'
[2025-01-05 21:34:47] [CRITICAL] Failed to load services or cogs: AbstractConnection.__init__() got an unexpected keyword argument 'ssl'
[2025-01-05 21:35:06] [INFO] Attempting to load services: cache, database, ai
[2025-01-05 21:35:06] [ERROR] Failed during setup of service cache: AbstractConnection.__init__() got an unexpected keyword argument 'ssl_kwargs'
[2025-01-05 21:35:06] [ERROR] Failed to load service cache: AbstractConnection.__init__() got an unexpected keyword argument 'ssl_kwargs'
[2025-01-05 21:35:06] [CRITICAL] Failed to load services or cogs: AbstractConnection.__init__() got an unexpected keyword argument 'ssl_kwargs'
[2025-01-05 21:37:28] [INFO] Attempting to load services: cache, database, ai
[2025-01-05 21:37:28] [ERROR] Failed during setup of service cache: Protocol Error: b'HTTP/1.1 400 Bad Request'
[2025-01-05 21:37:28] [ERROR] Failed to load service cache: Protocol Error: b'HTTP/1.1 400 Bad Request'
[2025-01-05 21:37:28] [CRITICAL] Failed to load services or cogs: Protocol Error: b'HTTP/1.1 400 Bad Request'
[2025-01-05 21:42:01] [INFO] Attempting to load services: cache, database, ai
[2025-01-05 21:42:01] [ERROR] Failed during setup of service cache: Protocol Error: b'HTTP/1.1 400 Bad Request'
[2025-01-05 21:42:01] [ERROR] Failed to load service cache: Protocol Error: b'HTTP/1.1 400 Bad Request'
[2025-01-05 21:42:01] [CRITICAL] Failed to load services or cogs: Protocol Error: b'HTTP/1.1 400 Bad Request'
[2025-01-05 21:44:07] [INFO] Attempting to load services: cache, database, ai
[2025-01-05 21:44:08] [ERROR] Failed during setup of service cache: Protocol Error: b'HTTP/1.1 400 Bad Request'
[2025-01-05 21:44:08] [ERROR] Failed to load service cache: Protocol Error: b'HTTP/1.1 400 Bad Request'
[2025-01-05 21:44:08] [CRITICAL] Failed to load services or cogs: Protocol Error: b'HTTP/1.1 400 Bad Request'
[2025-01-05 21:44:35] [INFO] Attempting to load services: cache, database, ai
[2025-01-05 21:44:35] [INFO] Resolved Redis hostname cache.nous.lol to IP address: 172.67.195.105
[2025-01-05 21:44:35] [INFO] Connecting to Redis with: host=172.67.195.105, port=443, username=default, password=***, ssl=True
[2025-01-05 21:44:35] [ERROR] Failed during setup of service cache: Redis.__init__() got an unexpected keyword argument 'ssl_context'
[2025-01-05 21:44:35] [ERROR] Failed to load service cache: Redis.__init__() got an unexpected keyword argument 'ssl_context'
[2025-01-05 21:44:35] [CRITICAL] Failed to load services or cogs: Redis.__init__() got an unexpected keyword argument 'ssl_context'
[2025-01-05 21:45:04] [INFO] Attempting to load services: cache, database, ai
[2025-01-05 21:45:04] [INFO] Resolved Redis hostname cache.nous.lol to IP address: 104.21.92.156
[2025-01-05 21:45:04] [INFO] Connecting to Redis with: host=104.21.92.156, port=443, username=default, password=***, ssl=True
[2025-01-05 21:45:04] [ERROR] Failed to connect to Redis: Error 1 connecting to 104.21.92.156:443. [SSL: SSLV3_ALERT_HANDSHAKE_FAILURE] ssl/tls alert handshake failure (_ssl.c:1007).
[2025-01-05 21:45:04] [ERROR] Failed during setup of service cache: Error 1 connecting to 104.21.92.156:443. [SSL: SSLV3_ALERT_HANDSHAKE_FAILURE] ssl/tls alert handshake failure (_ssl.c:1007).
[2025-01-05 21:45:04] [ERROR] Failed to load service cache: Error 1 connecting to 104.21.92.156:443. [SSL: SSLV3_ALERT_HANDSHAKE_FAILURE] ssl/tls alert handshake failure (_ssl.c:1007).
[2025-01-05 21:45:04] [CRITICAL] Failed to load services or cogs: Error 1 connecting to 104.21.92.156:443. [SSL: SSLV3_ALERT_HANDSHAKE_FAILURE] ssl/tls alert handshake failure (_ssl.c:1007).
[2025-01-05 21:49:19] [INFO] Attempting to load services: cache, database, ai
[2025-01-05 21:49:19] [INFO] Resolved Redis hostname cache.nous.lol to IP address: 172.67.195.105
[2025-01-05 21:49:19] [INFO] Connecting to Redis with: host=172.67.195.105, port=6379, username=default, password=***, ssl=True
[2025-01-05 21:53:50] [INFO] Attempting to load services: cache, database, ai
[2025-01-05 21:53:50] [INFO] Resolved Redis hostname cache.nous.lol to IP address: 172.67.195.105
[2025-01-05 21:53:50] [INFO] Connecting to Redis with: host=172.67.195.105, port=6379, username=default, password=***, ssl=True
[2025-01-05 21:55:08] [INFO] Attempting to load services: cache, database, ai
[2025-01-05 21:55:08] [INFO] Resolved Redis hostname cache.nous.lol to IP address: 34.59.232.41
[2025-01-05 21:55:08] [INFO] Connecting to Redis with: host=34.59.232.41, port=6379, username=default, password=***, ssl=True
[2025-01-05 21:55:28] [ERROR] Failed during setup of service cache: Timeout connecting to server
[2025-01-05 21:55:28] [ERROR] Failed to load service cache: Timeout connecting to server
[2025-01-05 21:55:28] [CRITICAL] Failed to load services or cogs: Timeout connecting to server
[2025-01-05 21:55:39] [INFO] Attempting to load services: cache, database, ai
[2025-01-05 21:55:39] [INFO] Resolved Redis hostname cache.nous.lol to IP address: 34.59.232.41
[2025-01-05 21:55:39] [INFO] Connecting to Redis with: host=34.59.232.41, port=6379, username=default, password=***, ssl=False
[2025-01-05 21:56:17] [INFO] Attempting to load services: cache, database, ai
[2025-01-05 21:56:17] [INFO] Resolved Redis hostname cache.nous.lol to IP address: 34.59.232.41
[2025-01-05 21:56:17] [INFO] Connecting to Redis with: host=34.59.232.41, port=6379, username=default, password=***, ssl=False
[2025-01-05 21:56:17] [ERROR] Failed during setup of service cache: object bool can't be used in 'await' expression
[2025-01-05 21:56:17] [ERROR] Failed to load service cache: object bool can't be used in 'await' expression
[2025-01-05 21:56:17] [CRITICAL] Failed to load services or cogs: object bool can't be used in 'await' expression
[2025-01-05 21:56:45] [INFO] Attempting to load services: cache, database, ai
[2025-01-05 21:56:45] [INFO] Resolved Redis hostname cache.nous.lol to IP address: 34.59.232.41
[2025-01-05 21:56:45] [INFO] Connecting to Redis with: host=34.59.232.41, port=6379, username=default, password=***, ssl=False
[2025-01-05 21:56:45] [INFO] Redis cache service initialized successfully
[2025-01-05 21:56:46] [INFO] Starting PostgreSQL Database Setup...
[2025-01-05 21:56:46] [ERROR] ❌ Database setup failed: 'Settings' object has no attribute 'get_database_url'
[2025-01-05 21:56:46] [ERROR] Failed during setup of service database: 'Settings' object has no attribute 'get_database_url'
[2025-01-05 21:56:46] [ERROR] Failed to load service database: 'Settings' object has no attribute 'get_database_url'
[2025-01-05 21:56:46] [CRITICAL] Failed to load services or cogs: 'Settings' object has no attribute 'get_database_url'
[2025-01-05 21:57:49] [INFO] Attempting to load services: cache, database, ai
[2025-01-05 21:57:49] [INFO] Resolved Redis hostname cache.nous.lol to IP address: 34.59.232.41
[2025-01-05 21:57:49] [INFO] Connecting to Redis with: host=34.59.232.41, port=6379, username=default, password=***, ssl=False
[2025-01-05 21:57:49] [INFO] Redis cache service initialized successfully
[2025-01-05 21:57:49] [INFO] Starting PostgreSQL Database Setup...
[2025-01-05 21:59:07] [INFO] Attempting to load services: cache, database, ai
[2025-01-05 21:59:07] [INFO] Resolved Redis hostname cache.nous.lol to IP address: 34.59.232.41
[2025-01-05 21:59:07] [INFO] Connecting to Redis with: host=34.59.232.41, port=6379, username=default, password=***, ssl=False
[2025-01-05 21:59:07] [INFO] Redis cache service initialized successfully
[2025-01-05 21:59:08] [INFO] Starting PostgreSQL Database Setup...
[2025-01-05 21:59:08] [DEBUG] Database URL: postgresql+psycopg2://eidos:gPCZn3etyNEAn7Pgj5JEW4gz@db.nous.lol:443/db?sslmode
[2025-01-05 21:59:08] [ERROR] ❌ Unexpected error during database connection: module 'asyncio' has no attribute 'timeout'
[2025-01-05 21:59:08] [ERROR] ❌ Database setup failed: module 'asyncio' has no attribute 'timeout'
[2025-01-05 21:59:08] [ERROR] Failed during setup of service database: module 'asyncio' has no attribute 'timeout'
[2025-01-05 21:59:08] [ERROR] Failed to load service database: module 'asyncio' has no attribute 'timeout'
[2025-01-05 21:59:08] [CRITICAL] Failed to load services or cogs: module 'asyncio' has no attribute 'timeout'
[2025-01-05 22:00:51] [INFO] Attempting to load services: cache, database, ai
[2025-01-05 22:00:51] [INFO] Resolved Redis hostname cache.nous.lol to IP address: 34.59.232.41
[2025-01-05 22:00:51] [INFO] Connecting to Redis with: host=34.59.232.41, port=6379, username=default, password=***, ssl=False
[2025-01-05 22:00:51] [INFO] Redis cache service initialized successfully
[2025-01-05 22:00:52] [INFO] Starting PostgreSQL Database Setup...
[2025-01-05 22:00:52] [DEBUG] Database URL: postgresql+psycopg2://eidos:gPCZn3etyNEAn7Pgj5JEW4gz@db.nous.lol:443/db?sslmode
[2025-01-05 22:02:11] [INFO] Attempting to load services: cache, database, ai
[2025-01-05 22:02:11] [INFO] Resolved Redis hostname cache.nous.lol to IP address: 34.59.232.41
[2025-01-05 22:02:11] [INFO] Connecting to Redis with: host=34.59.232.41, port=6379, username=default, password=***, ssl=False
[2025-01-05 22:02:11] [INFO] Redis cache service initialized successfully
[2025-01-05 22:02:11] [INFO] Starting PostgreSQL Database Setup...
[2025-01-05 22:02:11] [DEBUG] Database URL: postgresql+psycopg2://eidos:gPCZn3etyNEAn7Pgj5JEW4gz@db.nous.lol:443/db?sslmode
[2025-01-05 22:04:19] [INFO] Attempting to load services: cache, database, ai
[2025-01-05 22:04:19] [INFO] Resolved Redis hostname cache.nous.lol to IP address: 34.59.232.41
[2025-01-05 22:04:19] [INFO] Connecting to Redis with: host=34.59.232.41, port=6379, username=default, password=***, ssl=False
[2025-01-05 22:04:19] [INFO] Redis cache service initialized successfully
[2025-01-05 22:04:19] [INFO] Starting PostgreSQL Database Setup...
[2025-01-05 22:04:19] [DEBUG] Database URL: postgresql+psycopg2://eidos:gPCZn3etyNEAn7Pgj5JEW4gz@db.nous.lol:5432/db
[2025-01-05 22:05:05] [INFO] Attempting to load services: cache, database, ai
[2025-01-05 22:05:05] [INFO] Resolved Redis hostname cache.nous.lol to IP address: 34.59.232.41
[2025-01-05 22:05:05] [INFO] Connecting to Redis with: host=34.59.232.41, port=6379, username=default, password=***, ssl=False
[2025-01-05 22:05:05] [INFO] Redis cache service initialized successfully
[2025-01-05 22:05:05] [INFO] Starting PostgreSQL Database Setup...
[2025-01-05 22:05:05] [DEBUG] Database URL: postgresql+psycopg2://eidos:gPCZn3etyNEAn7Pgj5JEW4gz@db.nous.lol:5432/db
[2025-01-05 22:05:05] [ERROR] ❌ Failed to connect to database: (psycopg2.OperationalError) connection to server at "db.nous.lol" (34.59.232.41), port 5432 failed: Connection refused
	Is the server running on that host and accepting TCP/IP connections?

(Background on this error at: https://sqlalche.me/e/20/e3q8)
[2025-01-05 22:05:05] [ERROR] ❌ Database setup failed: (psycopg2.OperationalError) connection to server at "db.nous.lol" (34.59.232.41), port 5432 failed: Connection refused
	Is the server running on that host and accepting TCP/IP connections?

(Background on this error at: https://sqlalche.me/e/20/e3q8)
[2025-01-05 22:05:05] [ERROR] Failed during setup of service database: (psycopg2.OperationalError) connection to server at "db.nous.lol" (34.59.232.41), port 5432 failed: Connection refused
	Is the server running on that host and accepting TCP/IP connections?

(Background on this error at: https://sqlalche.me/e/20/e3q8)
[2025-01-05 22:05:05] [ERROR] Failed to load service database: (psycopg2.OperationalError) connection to server at "db.nous.lol" (34.59.232.41), port 5432 failed: Connection refused
	Is the server running on that host and accepting TCP/IP connections?

(Background on this error at: https://sqlalche.me/e/20/e3q8)
[2025-01-05 22:05:05] [CRITICAL] Failed to load services or cogs: (psycopg2.OperationalError) connection to server at "db.nous.lol" (34.59.232.41), port 5432 failed: Connection refused
	Is the server running on that host and accepting TCP/IP connections?

(Background on this error at: https://sqlalche.me/e/20/e3q8)
[2025-01-05 22:05:17] [INFO] Attempting to load services: cache, database, ai
[2025-01-05 22:05:17] [INFO] Resolved Redis hostname cache.nous.lol to IP address: 34.59.232.41
[2025-01-05 22:05:17] [INFO] Connecting to Redis with: host=34.59.232.41, port=6379, username=default, password=***, ssl=False
[2025-01-05 22:05:17] [INFO] Redis cache service initialized successfully
[2025-01-05 22:05:17] [INFO] Starting PostgreSQL Database Setup...
[2025-01-05 22:05:17] [DEBUG] Database URL: postgresql+psycopg2://eidos:gPCZn3etyNEAn7Pgj5JEW4gz@db.nous.lol:5432/db
[2025-01-05 22:05:17] [ERROR] ❌ Failed to connect to database: (psycopg2.OperationalError) connection to server at "db.nous.lol" (34.59.232.41), port 5432 failed: Connection refused
	Is the server running on that host and accepting TCP/IP connections?

(Background on this error at: https://sqlalche.me/e/20/e3q8)
[2025-01-05 22:05:17] [ERROR] ❌ Database setup failed: (psycopg2.OperationalError) connection to server at "db.nous.lol" (34.59.232.41), port 5432 failed: Connection refused
	Is the server running on that host and accepting TCP/IP connections?

(Background on this error at: https://sqlalche.me/e/20/e3q8)
[2025-01-05 22:05:17] [ERROR] Failed during setup of service database: (psycopg2.OperationalError) connection to server at "db.nous.lol" (34.59.232.41), port 5432 failed: Connection refused
	Is the server running on that host and accepting TCP/IP connections?

(Background on this error at: https://sqlalche.me/e/20/e3q8)
[2025-01-05 22:05:17] [ERROR] Failed to load service database: (psycopg2.OperationalError) connection to server at "db.nous.lol" (34.59.232.41), port 5432 failed: Connection refused
	Is the server running on that host and accepting TCP/IP connections?

(Background on this error at: https://sqlalche.me/e/20/e3q8)
[2025-01-05 22:05:17] [CRITICAL] Failed to load services or cogs: (psycopg2.OperationalError) connection to server at "db.nous.lol" (34.59.232.41), port 5432 failed: Connection refused
	Is the server running on that host and accepting TCP/IP connections?

(Background on this error at: https://sqlalche.me/e/20/e3q8)
[2025-01-05 22:06:08] [INFO] Attempting to load services: cache, database, ai
[2025-01-05 22:06:08] [INFO] Resolved Redis hostname cache.nous.lol to IP address: 34.59.232.41
[2025-01-05 22:06:08] [INFO] Connecting to Redis with: host=34.59.232.41, port=6379, username=default, password=***, ssl=False
[2025-01-05 22:06:09] [INFO] Redis cache service initialized successfully
[2025-01-05 22:06:09] [INFO] Starting PostgreSQL Database Setup...
[2025-01-05 22:06:09] [DEBUG] Database URL: postgresql+psycopg2://eidos:gPCZn3etyNEAn7Pgj5JEW4gz@db.nous.lol:5432/db
[2025-01-05 22:06:09] [ERROR] ❌ Failed to connect to database: (psycopg2.OperationalError) connection to server at "db.nous.lol" (34.59.232.41), port 5432 failed: Connection refused
	Is the server running on that host and accepting TCP/IP connections?

(Background on this error at: https://sqlalche.me/e/20/e3q8)
[2025-01-05 22:06:09] [ERROR] ❌ Database setup failed: (psycopg2.OperationalError) connection to server at "db.nous.lol" (34.59.232.41), port 5432 failed: Connection refused
	Is the server running on that host and accepting TCP/IP connections?

(Background on this error at: https://sqlalche.me/e/20/e3q8)
[2025-01-05 22:06:09] [ERROR] Failed during setup of service database: (psycopg2.OperationalError) connection to server at "db.nous.lol" (34.59.232.41), port 5432 failed: Connection refused
	Is the server running on that host and accepting TCP/IP connections?

(Background on this error at: https://sqlalche.me/e/20/e3q8)
[2025-01-05 22:06:09] [ERROR] Failed to load service database: (psycopg2.OperationalError) connection to server at "db.nous.lol" (34.59.232.41), port 5432 failed: Connection refused
	Is the server running on that host and accepting TCP/IP connections?

(Background on this error at: https://sqlalche.me/e/20/e3q8)
[2025-01-05 22:06:09] [CRITICAL] Failed to load services or cogs: (psycopg2.OperationalError) connection to server at "db.nous.lol" (34.59.232.41), port 5432 failed: Connection refused
	Is the server running on that host and accepting TCP/IP connections?

(Background on this error at: https://sqlalche.me/e/20/e3q8)
[2025-01-05 22:07:57] [INFO] Attempting to load services: cache, database, ai
[2025-01-05 22:07:57] [INFO] Resolved Redis hostname cache.nous.lol to IP address: 34.59.232.41
[2025-01-05 22:07:57] [INFO] Connecting to Redis with: host=34.59.232.41, port=6379, username=default, password=***, ssl=False
[2025-01-05 22:07:58] [INFO] Redis cache service initialized successfully
[2025-01-05 22:07:58] [INFO] Starting PostgreSQL Database Setup...
[2025-01-05 22:07:58] [DEBUG] Database URL: postgresql+psycopg2://eidos:gPCZn3etyNEAn7Pgj5JEW4gz@db.nous.lol:5432/db
[2025-01-05 22:07:58] [ERROR] ❌ Failed to connect to database: (psycopg2.OperationalError) connection to server at "db.nous.lol" (34.59.232.41), port 5432 failed: Connection refused
	Is the server running on that host and accepting TCP/IP connections?

(Background on this error at: https://sqlalche.me/e/20/e3q8)
[2025-01-05 22:07:58] [ERROR] ❌ Database setup failed: (psycopg2.OperationalError) connection to server at "db.nous.lol" (34.59.232.41), port 5432 failed: Connection refused
	Is the server running on that host and accepting TCP/IP connections?

(Background on this error at: https://sqlalche.me/e/20/e3q8)
[2025-01-05 22:07:58] [ERROR] Failed during setup of service database: (psycopg2.OperationalError) connection to server at "db.nous.lol" (34.59.232.41), port 5432 failed: Connection refused
	Is the server running on that host and accepting TCP/IP connections?

(Background on this error at: https://sqlalche.me/e/20/e3q8)
[2025-01-05 22:07:58] [ERROR] Failed to load service database: (psycopg2.OperationalError) connection to server at "db.nous.lol" (34.59.232.41), port 5432 failed: Connection refused
	Is the server running on that host and accepting TCP/IP connections?

(Background on this error at: https://sqlalche.me/e/20/e3q8)
[2025-01-05 22:07:58] [CRITICAL] Failed to load services or cogs: (psycopg2.OperationalError) connection to server at "db.nous.lol" (34.59.232.41), port 5432 failed: Connection refused
	Is the server running on that host and accepting TCP/IP connections?

(Background on this error at: https://sqlalche.me/e/20/e3q8)
[2025-01-05 22:09:39] [INFO] Attempting to load services: cache, database, ai
[2025-01-05 22:09:39] [INFO] Resolved Redis hostname cache.nous.lol to IP address: 34.59.232.41
[2025-01-05 22:09:39] [INFO] Connecting to Redis with: host=34.59.232.41, port=6379, username=default, password=***, ssl=False
[2025-01-05 22:09:39] [INFO] Redis cache service initialized successfully
[2025-01-05 22:09:39] [INFO] Starting PostgreSQL Database Setup...
[2025-01-05 22:09:39] [DEBUG] Database URL: postgresql+psycopg2://eidos:gPCZn3etyNEAn7Pgj5JEW4gz@db.nous.lol:5432/db
[2025-01-05 22:09:39] [ERROR] ❌ Failed to connect to database: (psycopg2.OperationalError) connection to server at "db.nous.lol" (34.59.232.41), port 5432 failed: Connection refused
	Is the server running on that host and accepting TCP/IP connections?

(Background on this error at: https://sqlalche.me/e/20/e3q8)
[2025-01-05 22:09:39] [ERROR] ❌ Database setup failed: (psycopg2.OperationalError) connection to server at "db.nous.lol" (34.59.232.41), port 5432 failed: Connection refused
	Is the server running on that host and accepting TCP/IP connections?

(Background on this error at: https://sqlalche.me/e/20/e3q8)
[2025-01-05 22:09:39] [ERROR] Failed during setup of service database: (psycopg2.OperationalError) connection to server at "db.nous.lol" (34.59.232.41), port 5432 failed: Connection refused
	Is the server running on that host and accepting TCP/IP connections?

(Background on this error at: https://sqlalche.me/e/20/e3q8)
[2025-01-05 22:09:39] [ERROR] Failed to load service database: (psycopg2.OperationalError) connection to server at "db.nous.lol" (34.59.232.41), port 5432 failed: Connection refused
	Is the server running on that host and accepting TCP/IP connections?

(Background on this error at: https://sqlalche.me/e/20/e3q8)
[2025-01-05 22:09:39] [CRITICAL] Failed to load services or cogs: (psycopg2.OperationalError) connection to server at "db.nous.lol" (34.59.232.41), port 5432 failed: Connection refused
	Is the server running on that host and accepting TCP/IP connections?

(Background on this error at: https://sqlalche.me/e/20/e3q8)
[2025-01-05 22:10:15] [INFO] Attempting to load services: cache, database, ai
[2025-01-05 22:10:15] [INFO] Resolved Redis hostname cache.nous.lol to IP address: 34.59.232.41
[2025-01-05 22:10:15] [INFO] Connecting to Redis with: host=34.59.232.41, port=6379, username=default, password=***, ssl=False
[2025-01-05 22:10:16] [INFO] Redis cache service initialized successfully
[2025-01-05 22:10:17] [INFO] Starting PostgreSQL Database Setup...
[2025-01-05 22:10:17] [DEBUG] Database URL: postgresql+psycopg2://eidos:gPCZn3etyNEAn7Pgj5JEW4gz@db.nous.lol:5432/db
[2025-01-05 22:10:17] [ERROR] ❌ Failed to connect to database: (psycopg2.OperationalError) connection to server at "db.nous.lol" (34.59.232.41), port 5432 failed: Connection refused
	Is the server running on that host and accepting TCP/IP connections?

(Background on this error at: https://sqlalche.me/e/20/e3q8)
[2025-01-05 22:10:17] [ERROR] ❌ Database setup failed: (psycopg2.OperationalError) connection to server at "db.nous.lol" (34.59.232.41), port 5432 failed: Connection refused
	Is the server running on that host and accepting TCP/IP connections?

(Background on this error at: https://sqlalche.me/e/20/e3q8)
[2025-01-05 22:10:17] [ERROR] Failed during setup of service database: (psycopg2.OperationalError) connection to server at "db.nous.lol" (34.59.232.41), port 5432 failed: Connection refused
	Is the server running on that host and accepting TCP/IP connections?

(Background on this error at: https://sqlalche.me/e/20/e3q8)
[2025-01-05 22:10:17] [ERROR] Failed to load service database: (psycopg2.OperationalError) connection to server at "db.nous.lol" (34.59.232.41), port 5432 failed: Connection refused
	Is the server running on that host and accepting TCP/IP connections?

(Background on this error at: https://sqlalche.me/e/20/e3q8)
[2025-01-05 22:10:17] [CRITICAL] Failed to load services or cogs: (psycopg2.OperationalError) connection to server at "db.nous.lol" (34.59.232.41), port 5432 failed: Connection refused
	Is the server running on that host and accepting TCP/IP connections?

(Background on this error at: https://sqlalche.me/e/20/e3q8)
[2025-01-05 22:18:15] [INFO] Attempting to load services: cache, database, ai
[2025-01-05 22:18:15] [INFO] Resolved Redis hostname cache.nous.lol to IP address: 34.59.232.41
[2025-01-05 22:18:15] [INFO] Connecting to Redis with: host=34.59.232.41, port=6379, username=default, password=***, ssl=False
[2025-01-05 22:18:16] [INFO] Redis cache service initialized successfully
[2025-01-05 22:18:17] [INFO] Starting PostgreSQL Database Setup...
[2025-01-05 22:18:17] [DEBUG] Database URL: postgresql+psycopg2://eidos:gPCZn3etyNEAn7Pgj5JEW4gz@db.nous.lol:5432/db
[2025-01-05 22:18:17] [ERROR] ❌ Failed to connect to database: (psycopg2.OperationalError) connection to server at "db.nous.lol" (34.59.232.41), port 5432 failed: Connection refused
	Is the server running on that host and accepting TCP/IP connections?

(Background on this error at: https://sqlalche.me/e/20/e3q8)
[2025-01-05 22:18:17] [ERROR] ❌ Database setup failed: (psycopg2.OperationalError) connection to server at "db.nous.lol" (34.59.232.41), port 5432 failed: Connection refused
	Is the server running on that host and accepting TCP/IP connections?

(Background on this error at: https://sqlalche.me/e/20/e3q8)
[2025-01-05 22:18:17] [ERROR] Failed during setup of service database: (psycopg2.OperationalError) connection to server at "db.nous.lol" (34.59.232.41), port 5432 failed: Connection refused
	Is the server running on that host and accepting TCP/IP connections?

(Background on this error at: https://sqlalche.me/e/20/e3q8)
[2025-01-05 22:18:17] [ERROR] Failed to load service database: (psycopg2.OperationalError) connection to server at "db.nous.lol" (34.59.232.41), port 5432 failed: Connection refused
	Is the server running on that host and accepting TCP/IP connections?

(Background on this error at: https://sqlalche.me/e/20/e3q8)
[2025-01-05 22:18:17] [CRITICAL] Failed to load services or cogs: (psycopg2.OperationalError) connection to server at "db.nous.lol" (34.59.232.41), port 5432 failed: Connection refused
	Is the server running on that host and accepting TCP/IP connections?

(Background on this error at: https://sqlalche.me/e/20/e3q8)
[2025-01-06 01:35:36] [INFO] Attempting to load services: cache, database, ai
[2025-01-06 01:35:36] [INFO] Resolved Redis hostname cache.nous.lol to IP address: 172.67.195.105
[2025-01-06 01:35:36] [INFO] Connecting to Redis with: host=172.67.195.105, port=6379, username=default, password=***, ssl=False
[2025-01-06 01:38:42] [INFO] Attempting to load services: cache, postgres, database, ai
[2025-01-06 01:38:42] [INFO] Resolved Redis hostname cache.nous.lol to IP address: 104.21.92.156
[2025-01-06 01:38:42] [INFO] Connecting to Redis with: host=104.21.92.156, port=443, username=default, password=***, ssl=True
[2025-01-06 01:38:43] [ERROR] Failed to connect to Redis: Error 1 connecting to 104.21.92.156:443. [SSL: SSLV3_ALERT_HANDSHAKE_FAILURE] ssl/tls alert handshake failure (_ssl.c:1007).
[2025-01-06 01:38:43] [ERROR] Failed during setup of service cache: Error 1 connecting to 104.21.92.156:443. [SSL: SSLV3_ALERT_HANDSHAKE_FAILURE] ssl/tls alert handshake failure (_ssl.c:1007).
[2025-01-06 01:38:43] [ERROR] Failed to load service cache: Error 1 connecting to 104.21.92.156:443. [SSL: SSLV3_ALERT_HANDSHAKE_FAILURE] ssl/tls alert handshake failure (_ssl.c:1007).
[2025-01-06 01:38:43] [CRITICAL] Failed to load services or cogs: Error 1 connecting to 104.21.92.156:443. [SSL: SSLV3_ALERT_HANDSHAKE_FAILURE] ssl/tls alert handshake failure (_ssl.c:1007).
[2025-01-06 01:39:11] [INFO] Attempting to load services: cache, postgres, database, ai
[2025-01-06 01:39:11] [ERROR] Failed during setup of service cache: Protocol Error: b'HTTP/1.1 400 Bad Request'
[2025-01-06 01:39:11] [ERROR] Failed to load service cache: Protocol Error: b'HTTP/1.1 400 Bad Request'
[2025-01-06 01:39:11] [CRITICAL] Failed to load services or cogs: Protocol Error: b'HTTP/1.1 400 Bad Request'
[2025-01-06 01:40:27] [INFO] Attempting to load services: cache, postgres, database, ai
[2025-01-06 01:40:27] [ERROR] Failed during setup of service cache: Protocol Error: b'HTTP/1.1 400 Bad Request'
[2025-01-06 01:40:27] [ERROR] Failed to load service cache: Protocol Error: b'HTTP/1.1 400 Bad Request'
[2025-01-06 01:40:27] [CRITICAL] Failed to load services or cogs: Protocol Error: b'HTTP/1.1 400 Bad Request'
[2025-01-06 01:40:38] [INFO] Attempting to load services: cache, postgres, database, ai
[2025-01-06 01:40:38] [ERROR] Failed during setup of service cache: Protocol Error: b'HTTP/1.1 400 Bad Request'
[2025-01-06 01:40:38] [ERROR] Failed to load service cache: Protocol Error: b'HTTP/1.1 400 Bad Request'
[2025-01-06 01:40:38] [CRITICAL] Failed to load services or cogs: Protocol Error: b'HTTP/1.1 400 Bad Request'
[2025-01-06 01:41:30] [INFO] Attempting to load services: cache, postgres, database, ai
[2025-01-06 01:41:30] [ERROR] Failed during setup of service cache: Protocol Error: b'HTTP/1.1 400 Bad Request'
[2025-01-06 01:41:30] [ERROR] Failed to load service cache: Protocol Error: b'HTTP/1.1 400 Bad Request'
[2025-01-06 01:41:30] [CRITICAL] Failed to load services or cogs: Protocol Error: b'HTTP/1.1 400 Bad Request'
[2025-01-06 01:41:50] [INFO] Attempting to load services: cache, postgres, database, ai
[2025-01-06 01:41:50] [ERROR] Failed during setup of service cache: Protocol Error: b'HTTP/1.1 400 Bad Request'
[2025-01-06 01:41:50] [ERROR] Failed to load service cache: Protocol Error: b'HTTP/1.1 400 Bad Request'
[2025-01-06 01:41:50] [CRITICAL] Failed to load services or cogs: Protocol Error: b'HTTP/1.1 400 Bad Request'
[2025-01-06 01:42:05] [INFO] Attempting to load services: cache, database, ai
[2025-01-06 01:42:05] [ERROR] Failed during setup of service cache: Protocol Error: b'HTTP/1.1 400 Bad Request'
[2025-01-06 01:42:05] [ERROR] Failed to load service cache: Protocol Error: b'HTTP/1.1 400 Bad Request'
[2025-01-06 01:42:05] [CRITICAL] Failed to load services or cogs: Protocol Error: b'HTTP/1.1 400 Bad Request'
[2025-01-06 01:42:58] [INFO] Attempting to load services: cache, database, ai
[2025-01-06 01:42:58] [ERROR] Failed during setup of service cache: Protocol Error: b'HTTP/1.1 400 Bad Request'
[2025-01-06 01:42:58] [ERROR] Failed to load service cache: Protocol Error: b'HTTP/1.1 400 Bad Request'
[2025-01-06 01:42:58] [CRITICAL] Failed to load services or cogs: Protocol Error: b'HTTP/1.1 400 Bad Request'
[2025-01-06 01:44:34] [INFO] Attempting to load services: cache, database, ai
[2025-01-06 01:44:34] [ERROR] Failed during setup of service cache: Protocol Error: b'HTTP/1.1 400 Bad Request'
[2025-01-06 01:44:34] [ERROR] Failed to load service cache: Protocol Error: b'HTTP/1.1 400 Bad Request'
[2025-01-06 01:44:34] [CRITICAL] Failed to load services or cogs: Protocol Error: b'HTTP/1.1 400 Bad Request'
[2025-01-06 01:45:10] [INFO] Attempting to load services: cache, database, ai
[2025-01-06 01:45:11] [ERROR] Failed during setup of service cache: Protocol Error: b'HTTP/1.1 400 Bad Request'
[2025-01-06 01:45:11] [ERROR] Failed to load service cache: Protocol Error: b'HTTP/1.1 400 Bad Request'
[2025-01-06 01:45:11] [CRITICAL] Failed to load services or cogs: Protocol Error: b'HTTP/1.1 400 Bad Request'
[2025-01-06 01:45:40] [INFO] Attempting to load services: cache, database, ai
[2025-01-06 01:45:40] [INFO] Redis cache service initialized successfully
[2025-01-06 01:45:41] [INFO] Starting PostgreSQL Database Setup...
[2025-01-06 01:45:41] [ERROR] ❌ Database setup failed: (psycopg2.OperationalError) connection to server at "db.nous.lol" (34.69.86.215), port 5432 failed: server does not support SSL, but SSL was required

(Background on this error at: https://sqlalche.me/e/20/e3q8)
[2025-01-06 01:45:41] [ERROR] Failed during setup of service database: (psycopg2.OperationalError) connection to server at "db.nous.lol" (34.69.86.215), port 5432 failed: server does not support SSL, but SSL was required

(Background on this error at: https://sqlalche.me/e/20/e3q8)
[2025-01-06 01:45:41] [ERROR] Failed to load service database: (psycopg2.OperationalError) connection to server at "db.nous.lol" (34.69.86.215), port 5432 failed: server does not support SSL, but SSL was required

(Background on this error at: https://sqlalche.me/e/20/e3q8)
[2025-01-06 01:45:41] [CRITICAL] Failed to load services or cogs: (psycopg2.OperationalError) connection to server at "db.nous.lol" (34.69.86.215), port 5432 failed: server does not support SSL, but SSL was required

(Background on this error at: https://sqlalche.me/e/20/e3q8)
[2025-01-06 01:46:44] [INFO] Attempting to load services: cache, database, ai
[2025-01-06 01:46:44] [INFO] Redis cache service initialized successfully
[2025-01-06 01:46:44] [INFO] Starting PostgreSQL Database Setup...
[2025-01-06 01:46:46] [INFO] Successfully connected to PostgreSQL database
[2025-01-06 01:46:48] [ERROR] ❌ Database migrations failed: (psycopg2.errors.UndefinedTable) relation "alembic_version" does not exist
LINE 1: INSERT INTO alembic_version (version_num) VALUES ('5af010037...
                    ^

[SQL: INSERT INTO alembic_version (version_num) VALUES ('5af010037d9c') RETURNING alembic_version.version_num]
(Background on this error at: https://sqlalche.me/e/20/f405)
[2025-01-06 01:46:48] [ERROR] ❌ Database setup failed: (psycopg2.errors.UndefinedTable) relation "alembic_version" does not exist
LINE 1: INSERT INTO alembic_version (version_num) VALUES ('5af010037...
                    ^

[SQL: INSERT INTO alembic_version (version_num) VALUES ('5af010037d9c') RETURNING alembic_version.version_num]
(Background on this error at: https://sqlalche.me/e/20/f405)
[2025-01-06 01:46:48] [ERROR] Failed during setup of service database: (psycopg2.errors.UndefinedTable) relation "alembic_version" does not exist
LINE 1: INSERT INTO alembic_version (version_num) VALUES ('5af010037...
                    ^

[SQL: INSERT INTO alembic_version (version_num) VALUES ('5af010037d9c') RETURNING alembic_version.version_num]
(Background on this error at: https://sqlalche.me/e/20/f405)
[2025-01-06 01:46:48] [ERROR] Failed to load service database: (psycopg2.errors.UndefinedTable) relation "alembic_version" does not exist
LINE 1: INSERT INTO alembic_version (version_num) VALUES ('5af010037...
                    ^

[SQL: INSERT INTO alembic_version (version_num) VALUES ('5af010037d9c') RETURNING alembic_version.version_num]
(Background on this error at: https://sqlalche.me/e/20/f405)
[2025-01-06 01:46:48] [CRITICAL] Failed to load services or cogs: (psycopg2.errors.UndefinedTable) relation "alembic_version" does not exist
LINE 1: INSERT INTO alembic_version (version_num) VALUES ('5af010037...
                    ^

[SQL: INSERT INTO alembic_version (version_num) VALUES ('5af010037d9c') RETURNING alembic_version.version_num]
(Background on this error at: https://sqlalche.me/e/20/f405)
[2025-01-06 01:47:16] [INFO] Attempting to load services: cache, database, ai
[2025-01-06 01:47:17] [INFO] Redis cache service initialized successfully
[2025-01-06 01:47:17] [INFO] Starting PostgreSQL Database Setup...
[2025-01-06 01:47:19] [INFO] Successfully connected to PostgreSQL database
[2025-01-06 01:47:19] [ERROR] ❌ Database setup failed: 'EidosBot' object has no attribute 'services'
[2025-01-06 01:47:19] [ERROR] Failed during setup of service database: 'EidosBot' object has no attribute 'services'
[2025-01-06 01:47:19] [ERROR] Failed to load service database: 'EidosBot' object has no attribute 'services'
[2025-01-06 01:47:19] [CRITICAL] Failed to load services or cogs: 'EidosBot' object has no attribute 'services'
[2025-01-06 01:48:01] [INFO] Attempting to load services: cache, database, ai
[2025-01-06 01:48:02] [INFO] Redis cache service initialized successfully
[2025-01-06 01:48:02] [INFO] Starting PostgreSQL Database Setup...
[2025-01-06 01:48:03] [INFO] Initializing new database schema...
[2025-01-06 01:49:04] [INFO] Attempting to load services: cache, database, ai
[2025-01-06 01:49:04] [INFO] Redis cache service initialized successfully
[2025-01-06 01:49:05] [INFO] Starting PostgreSQL Database Setup...
[2025-01-06 01:49:05] [ERROR] Database connection/initialization failed: (psycopg2.ProgrammingError) invalid dsn: invalid connection option "command_timeout"

(Background on this error at: https://sqlalche.me/e/20/f405)
[2025-01-06 01:49:05] [ERROR] ❌ Database setup failed: (psycopg2.ProgrammingError) invalid dsn: invalid connection option "command_timeout"

(Background on this error at: https://sqlalche.me/e/20/f405)
[2025-01-06 01:49:05] [ERROR] Failed during setup of service database: (psycopg2.ProgrammingError) invalid dsn: invalid connection option "command_timeout"

(Background on this error at: https://sqlalche.me/e/20/f405)
[2025-01-06 01:49:05] [ERROR] Failed to load service database: (psycopg2.ProgrammingError) invalid dsn: invalid connection option "command_timeout"

(Background on this error at: https://sqlalche.me/e/20/f405)
[2025-01-06 01:49:05] [CRITICAL] Failed to load services or cogs: (psycopg2.ProgrammingError) invalid dsn: invalid connection option "command_timeout"

(Background on this error at: https://sqlalche.me/e/20/f405)
[2025-01-06 01:49:33] [INFO] Attempting to load services: cache, database, ai
[2025-01-06 01:49:33] [INFO] Redis cache service initialized successfully
[2025-01-06 01:49:33] [INFO] Starting PostgreSQL Database Setup...
[2025-01-06 01:49:34] [INFO] Testing database connection...
[2025-01-06 01:49:34] [INFO] Checking alembic_version table...
[2025-01-06 01:49:35] [INFO] Initializing session maker...
[2025-01-06 01:49:35] [INFO] Setting up Alembic...
[2025-01-06 01:49:35] [INFO] Running migrations...
[2025-01-06 01:50:32] [INFO] Attempting to load services: cache, database, ai
[2025-01-06 01:50:32] [INFO] Redis cache service initialized successfully
[2025-01-06 01:50:33] [INFO] Starting PostgreSQL Database Setup...
[2025-01-06 01:50:34] [INFO] Testing database connection...
[2025-01-06 01:50:34] [INFO] Checking alembic_version table...
[2025-01-06 01:50:34] [INFO] Initializing session maker...
[2025-01-06 01:50:34] [INFO] Setting up Alembic...
[2025-01-06 01:50:34] [INFO] Running migrations...
[2025-01-06 01:50:36] [INFO] Database migrations completed successfully
[2025-01-06 01:50:36] [INFO] PostgreSQL Database Setup Complete!
[2025-01-06 01:50:36] [WARNING] Service ai has no setup function.
[2025-01-06 01:50:36] [INFO] Loaded services: cache, database
[2025-01-06 01:50:36] [INFO] All services and cogs loaded successfully.
[2025-01-06 01:50:38] [SUCCESS] Logged in as Eidos (ID: 1319007682476118059)
[2025-01-06 01:50:38] [INFO] Connected to 2 guilds.
[2025-01-06 02:12:17] [INFO] Attempting to load services: cache, database, ai
[2025-01-06 02:12:18] [INFO] Redis cache service initialized successfully
[2025-01-06 02:12:18] [INFO] Starting PostgreSQL Database Setup...
[2025-01-06 02:12:19] [INFO] Testing database connection...
[2025-01-06 02:12:19] [INFO] Checking alembic_version table...
[2025-01-06 02:12:19] [INFO] Initializing session maker...
[2025-01-06 02:12:19] [INFO] Setting up Alembic...
[2025-01-06 02:12:19] [INFO] Running migrations...
[2025-01-06 02:12:21] [INFO] Database migrations completed successfully
[2025-01-06 02:12:21] [INFO] PostgreSQL Database Setup Complete!
[2025-01-06 02:12:21] [WARNING] Service ai has no setup function.
[2025-01-06 02:12:21] [INFO] Loaded services: cache, database
[2025-01-06 02:12:21] [INFO] All services and cogs loaded successfully.
[2025-01-06 02:12:23] [SUCCESS] Logged in as Eidos (ID: 1319007682476118059)
[2025-01-06 02:12:23] [INFO] Connected to 2 guilds.
[2025-01-06 02:12:24] [INFO] Synced 0 application commands.
[2025-01-06 02:13:49] [INFO] Attempting to load services: cache, database, ai
[2025-01-06 02:13:49] [INFO] Redis cache service initialized successfully
[2025-01-06 02:13:50] [INFO] Starting PostgreSQL Database Setup...
[2025-01-06 02:13:51] [INFO] Checking database status...
[2025-01-06 02:13:51] [INFO] Database is up to date, skipping migrations
[2025-01-06 02:13:51] [WARNING] Service ai has no setup function.
[2025-01-06 02:13:51] [INFO] Loaded services: cache, database
[2025-01-06 02:13:51] [INFO] All services and cogs loaded successfully.
[2025-01-06 02:13:53] [SUCCESS] Logged in as Eidos (ID: 1319007682476118059)
[2025-01-06 02:13:53] [INFO] Connected to 2 guilds.
[2025-01-06 02:13:54] [INFO] Synced 0 application commands.
